[debug] [2022-07-13T18:15:18.740Z] ----------------------------------------------------------------------
[debug] [2022-07-13T18:15:18.742Z] Command:       C:\Program Files\nodejs\node.exe C:\Users\diego\AppData\Roaming\npm\node_modules\firebase-tools\lib\bin\firebase.js deploy
[debug] [2022-07-13T18:15:18.742Z] CLI Version:   11.2.2
[debug] [2022-07-13T18:15:18.742Z] Platform:      win32
[debug] [2022-07-13T18:15:18.742Z] Node Version:  v16.15.1
[debug] [2022-07-13T18:15:18.743Z] Time:          Wed Jul 13 2022 15:15:18 GMT-0300 (hora estándar de Argentina)
[debug] [2022-07-13T18:15:18.744Z] ----------------------------------------------------------------------
[debug] 
[debug] [2022-07-13T18:15:18.804Z] > command requires scopes: ["email","openid","https://www.googleapis.com/auth/cloudplatformprojects.readonly","https://www.googleapis.com/auth/firebase","https://www.googleapis.com/auth/cloud-platform"]
[debug] [2022-07-13T18:15:18.805Z] > authorizing via signed-in user (dieasensio@gmail.com)
[debug] [2022-07-13T18:15:18.805Z] [iam] checking project e-commerce-asensio for permissions ["firebase.projects.get","firebasehosting.sites.update"]
[debug] [2022-07-13T18:15:18.807Z] >>> [apiv2][query] POST https://cloudresourcemanager.googleapis.com/v1/projects/e-commerce-asensio:testIamPermissions [none]
[debug] [2022-07-13T18:15:18.807Z] >>> [apiv2][body] POST https://cloudresourcemanager.googleapis.com/v1/projects/e-commerce-asensio:testIamPermissions {"permissions":["firebase.projects.get","firebasehosting.sites.update"]}
[debug] [2022-07-13T18:15:19.743Z] <<< [apiv2][status] POST https://cloudresourcemanager.googleapis.com/v1/projects/e-commerce-asensio:testIamPermissions 200
[debug] [2022-07-13T18:15:19.743Z] <<< [apiv2][body] POST https://cloudresourcemanager.googleapis.com/v1/projects/e-commerce-asensio:testIamPermissions {"permissions":["firebase.projects.get","firebasehosting.sites.update"]}
[debug] [2022-07-13T18:15:19.744Z] >>> [apiv2][query] GET https://firebase.googleapis.com/v1beta1/projects/e-commerce-asensio [none]
[debug] [2022-07-13T18:15:20.150Z] <<< [apiv2][status] GET https://firebase.googleapis.com/v1beta1/projects/e-commerce-asensio 200
[debug] [2022-07-13T18:15:20.150Z] <<< [apiv2][body] GET https://firebase.googleapis.com/v1beta1/projects/e-commerce-asensio {"projectId":"e-commerce-asensio","projectNumber":"417569453099","displayName":"e-commerce-asensio","name":"projects/e-commerce-asensio","resources":{"hostingSite":"e-commerce-asensio","storageBucket":"e-commerce-asensio.appspot.com","locationId":"us-central"},"state":"ACTIVE"}
[info] 
[info] === Deploying to 'e-commerce-asensio'...
[info] 
[info] i  deploying hosting 
[debug] [2022-07-13T18:15:20.155Z] >>> [apiv2][query] GET https://firebase.googleapis.com/v1beta1/projects/e-commerce-asensio [none]
[debug] [2022-07-13T18:15:20.607Z] <<< [apiv2][status] GET https://firebase.googleapis.com/v1beta1/projects/e-commerce-asensio 200
[debug] [2022-07-13T18:15:20.607Z] <<< [apiv2][body] GET https://firebase.googleapis.com/v1beta1/projects/e-commerce-asensio {"projectId":"e-commerce-asensio","projectNumber":"417569453099","displayName":"e-commerce-asensio","name":"projects/e-commerce-asensio","resources":{"hostingSite":"e-commerce-asensio","storageBucket":"e-commerce-asensio.appspot.com","locationId":"us-central"},"state":"ACTIVE"}
[debug] [2022-07-13T18:15:20.611Z] >>> [apiv2][query] POST https://firebasehosting.googleapis.com/v1beta1/projects/417569453099/sites/e-commerce-asensio/versions [none]
[debug] [2022-07-13T18:15:20.611Z] >>> [apiv2][body] POST https://firebasehosting.googleapis.com/v1beta1/projects/417569453099/sites/e-commerce-asensio/versions {"config":{"rewrites":[{"glob":"**","path":"/index.html"}]},"labels":{"deployment-tool":"cli-firebase"}}
[debug] [2022-07-13T18:15:31.576Z] <<< [apiv2][status] POST https://firebasehosting.googleapis.com/v1beta1/projects/417569453099/sites/e-commerce-asensio/versions 503
[debug] [2022-07-13T18:15:31.576Z] <<< [apiv2][body] POST https://firebasehosting.googleapis.com/v1beta1/projects/417569453099/sites/e-commerce-asensio/versions {"error":{"code":503,"message":"The service is currently unavailable.","status":"UNAVAILABLE"}}
[error] 
[error] Error: HTTP Error: 503, The service is currently unavailable.
[debug] [2022-07-13T18:15:31.695Z] Error Context: {
  "body": {
    "error": {
      "code": 503,
      "message": "The service is currently unavailable.",
      "status": "UNAVAILABLE"
    }
  },
  "response": {
    "statusCode": 503
  }
}
